<?xml version="1.0" encoding="utf-8"?><testsuites name="pytest tests"><testsuite name="pytest" errors="0" failures="0" skipped="0" tests="31" time="3.177" timestamp="2026-06-08T22:25:05.708524+00:00" hostname="agent-env-7484a701-f0dc-4ceb-b0d3-5de58596bb13"><testcase classname="hiremind-ai.server.tests.test_hiremind_backend.TestHealth" name="test_server_health" time="0.006" /><testcase classname="hiremind-ai.server.tests.test_hiremind_backend.TestHealth" name="test_uptime_increases" time="1.105" /><testcase classname="hiremind-ai.server.tests.test_hiremind_backend.TestHealth" name="test_parser_health" time="0.002" /><testcase classname="hiremind-ai.server.tests.test_hiremind_backend.TestAuth" name="test_register_weak_password" time="0.003" /><testcase classname="hiremind-ai.server.tests.test_hiremind_backend.TestAuth" name="test_register_missing_fields" time="0.002" /><testcase classname="hiremind-ai.server.tests.test_hiremind_backend.TestAuth" name="test_register_then_duplicate" time="0.316" /><testcase classname="hiremind-ai.server.tests.test_hiremind_backend.TestAuth" name="test_login_success" time="0.297" /><testcase classname="hiremind-ai.server.tests.test_hiremind_backend.TestAuth" name="test_login_wrong_password" time="0.295" /><testcase classname="hiremind-ai.server.tests.test_hiremind_backend.TestAuth" name="test_login_unknown_email" time="0.004" /><testcase classname="hiremind-ai.server.tests.test_hiremind_backend.TestAuth" name="test_refresh_rotates_token" time="0.318" /><testcase classname="hiremind-ai.server.tests.test_hiremind_backend.TestAuth" name="test_logout_clears_cookie" time="0.300" /><testcase classname="hiremind-ai.server.tests.test_hiremind_backend.TestAuthGates" name="test_requires_token[/api/candidate/me-GET]" time="0.002" /><testcase classname="hiremind-ai.server.tests.test_hiremind_backend.TestAuthGates" name="test_requires_token[/api/candidate/select-role-POST]" time="0.002" /><testcase classname="hiremind-ai.server.tests.test_hiremind_backend.TestAuthGates" name="test_requires_token[/api/candidate/calculate-ats-POST]" time="0.002" /><testcase classname="hiremind-ai.server.tests.test_hiremind_backend.TestAuthGates" name="test_requires_token[/api/roles-GET]" time="0.002" /><testcase classname="hiremind-ai.server.tests.test_hiremind_backend.TestAuthGates" name="test_requires_token[/api/interview/start-POST]" time="0.002" /><testcase classname="hiremind-ai.server.tests.test_hiremind_backend.TestAuthGates" name="test_requires_token[/api/hr/candidates-GET]" time="0.002" /><testcase classname="hiremind-ai.server.tests.test_hiremind_backend.TestAuthGates" name="test_requires_token[/api/admin/users-GET]" time="0.002" /><testcase classname="hiremind-ai.server.tests.test_hiremind_backend.TestRoles" name="test_seed_idempotent" time="0.017" /><testcase classname="hiremind-ai.server.tests.test_hiremind_backend.TestRoles" name="test_list_roles_sorted" time="0.302" /><testcase classname="hiremind-ai.server.tests.test_hiremind_backend.TestRoles" name="test_role_rbac_candidate_forbidden" time="0.006" /><testcase classname="hiremind-ai.server.tests.test_hiremind_backend.TestParser" name="test_parse_missing_field" time="0.002" /><testcase classname="hiremind-ai.server.tests.test_hiremind_backend.TestParser" name="test_parse_file_not_found" time="0.002" /><testcase classname="hiremind-ai.server.tests.test_hiremind_backend.TestParser" name="test_parse_sample_pdf" time="0.010" /><testcase classname="hiremind-ai.server.tests.test_hiremind_backend.TestCandidateFlow" name="test_select_role" time="0.008" /><testcase classname="hiremind-ai.server.tests.test_hiremind_backend.TestCandidateFlow" name="test_select_role_missing_body" time="0.002" /><testcase classname="hiremind-ai.server.tests.test_hiremind_backend.TestCandidateFlow" name="test_select_role_unknown" time="0.003" /><testcase classname="hiremind-ai.server.tests.test_hiremind_backend.TestCandidateFlow" name="test_candidate_me" time="0.004" /><testcase classname="hiremind-ai.server.tests.test_hiremind_backend.TestCandidateFlow" name="test_upload_resume" time="0.024" /><testcase classname="hiremind-ai.server.tests.test_hiremind_backend.TestCandidateFlow" name="test_calculate_ats" time="0.007" /><testcase classname="hiremind-ai.server.tests.test_hiremind_backend.TestRateLimitSanity" name="test_health_5_sequential" time="0.006" /></testsuite></testsuites>